SF:lib/bloc/timer_bloc.dart
DA:13,1
DA:14,1
DA:17,1
DA:18,2
DA:20,1
DA:22,1
DA:23,1
DA:27,1
DA:30,1
DA:31,2
DA:32,1
DA:33,2
DA:34,1
DA:35,2
DA:36,1
DA:37,2
DA:38,1
DA:39,2
DA:43,1
DA:45,1
DA:46,1
DA:49,1
DA:50,3
DA:51,1
DA:52,2
DA:53,2
DA:54,1
DA:57,1
DA:58,2
DA:59,2
DA:60,4
DA:64,1
DA:65,2
DA:66,2
DA:67,4
DA:71,1
DA:72,1
DA:73,3
DA:76,1
DA:77,4
LF:40
LH:40
end_of_record
SF:lib/bloc/timer_event.dart
DA:5,1
DA:7,0
DA:8,0
DA:14,1
DA:16,1
DA:17,2
DA:29,1
DA:31,0
DA:32,0
DA:34,1
DA:35,2
LF:11
LH:7
end_of_record
SF:lib/bloc/timer_state.dart
DA:6,1
DA:8,1
DA:9,2
DA:13,2
DA:15,1
DA:16,2
DA:20,2
DA:22,1
DA:23,2
DA:27,2
DA:29,1
DA:30,2
DA:34,2
LF:13
LH:13
end_of_record
SF:lib/ticker.dart
DA:2,1
DA:3,2
DA:4,1
LF:3
LH:3
end_of_record
